<?xml version="1.0" encoding="UTF-8"?>
<!-- Generated by org.testng.reporters.JUnitReportReporter -->
<testsuite hostname="NODE94" name="com.project.selenium1.SeleniumTesting2" tests="2" failures="0" timestamp="18 Oct 2016 06:31:49 GMT" time="0.023" errors="0">
  <testcase name="test1_exe1" time="0.016" classname="com.project.selenium1.SeleniumTesting2"/>
  <testcase name="test_exe1" time="0.007" classname="com.project.selenium1.SeleniumTesting2"/>
</testsuite> <!-- com.project.selenium1.SeleniumTesting2 -->
