<?xml version="1.0" encoding="UTF-8"?>
<!-- Generated by org.testng.reporters.JUnitReportReporter -->
<testsuite hostname="NODE94" name="com.project.selenium.SeleniumTesting1" tests="2" failures="0" timestamp="18 Oct 2016 11:01:09 GMT" time="0.010" errors="0">
  <testcase name="test1_exe" time="0.005" classname="com.project.selenium.SeleniumTesting1"/>
  <testcase name="test_exe" time="0.005" classname="com.project.selenium.SeleniumTesting1"/>
</testsuite> <!-- com.project.selenium.SeleniumTesting1 -->
