<?xml version="1.0" encoding="UTF-8"?>
<!-- Generated by org.testng.reporters.JUnitReportReporter -->
<testsuite hostname="NODE94" name="com.project.selenium.SeleniumMakeMyTripTest" tests="1" failures="0" timestamp="13 Oct 2016 05:57:36 GMT" time="80.236" errors="0">
  <testcase name="testMakeMyTrip" time="80.236" classname="com.project.selenium.SeleniumMakeMyTripTest"/>
</testsuite> <!-- com.project.selenium.SeleniumMakeMyTripTest -->
