<?xml version="1.0" encoding="UTF-8"?>
<!-- Generated by org.testng.reporters.JUnitReportReporter -->
<testsuite hostname="NODE94" name="com.project.selenium.SeleniumDemoTest" tests="1" failures="0" timestamp="14 Oct 2016 09:45:36 GMT" time="47.996" errors="0">
  <testcase name="testgoogle" time="47.996" classname="com.project.selenium.SeleniumDemoTest"/>
</testsuite> <!-- com.project.selenium.SeleniumDemoTest -->
